Oct 26, 2017 3:42:31 PM display.DisplayManager start
INFO: Set Display Mode:960*640
Oct 26, 2017 3:42:32 PM display.DisplayManager start
INFO: Create Display
Oct 26, 2017 3:42:32 PM display.DisplayManager start
INFO: Initialize OpenGL
Oct 26, 2017 3:42:34 PM game.GameState registerId
INFO: This game state is registered as : ID 0
Oct 26, 2017 3:42:34 PM game.GameManager startGame
INFO: Start Game State at : ID 0
Oct 26, 2017 3:42:45 PM game.GameState registerId
INFO: This game state is registered as : ID 1
Oct 26, 2017 3:42:45 PM game.GameManager changeGameState
INFO: Change Game State to : ID 1
Oct 26, 2017 3:42:50 PM image.ImageContainer loadCharacterFile
INFO: Image : ZEN_NEUTRAL has been loaded.
Oct 26, 2017 3:42:51 PM image.ImageContainer loadCharacterFile
INFO: Image : ZEN_STAND has been loaded.
Oct 26, 2017 3:42:51 PM image.ImageContainer loadCharacterFile
INFO: Image : ZEN_FORWARD_WALK has been loaded.
Oct 26, 2017 3:42:51 PM image.ImageContainer loadCharacterFile
INFO: Image : ZEN_DASH has been loaded.
Oct 26, 2017 3:42:51 PM image.ImageContainer loadCharacterFile
INFO: Image : ZEN_BACK_STEP has been loaded.
Oct 26, 2017 3:42:51 PM image.ImageContainer loadCharacterFile
INFO: Image : ZEN_CROUCH has been loaded.
Oct 26, 2017 3:42:51 PM image.ImageContainer loadCharacterFile
INFO: Image : ZEN_JUMP has been loaded.
Oct 26, 2017 3:42:51 PM image.ImageContainer loadCharacterFile
INFO: Image : ZEN_FOR_JUMP has been loaded.
Oct 26, 2017 3:42:51 PM image.ImageContainer loadCharacterFile
INFO: Image : ZEN_BACK_JUMP has been loaded.
Oct 26, 2017 3:42:52 PM image.ImageContainer loadCharacterFile
INFO: Image : ZEN_AIR has been loaded.
Oct 26, 2017 3:42:52 PM image.ImageContainer loadCharacterFile
INFO: Image : ZEN_STAND_GUARD has been loaded.
Oct 26, 2017 3:42:52 PM image.ImageContainer loadCharacterFile
INFO: Image : ZEN_CROUCH_GUARD has been loaded.
Oct 26, 2017 3:42:52 PM image.ImageContainer loadCharacterFile
INFO: Image : ZEN_AIR_GUARD has been loaded.
Oct 26, 2017 3:42:52 PM image.ImageContainer loadCharacterFile
INFO: Image : ZEN_STAND_GUARD_RECOV has been loaded.
Oct 26, 2017 3:42:52 PM image.ImageContainer loadCharacterFile
INFO: Image : ZEN_CROUCH_GUARD_RECOV has been loaded.
Oct 26, 2017 3:42:52 PM image.ImageContainer loadCharacterFile
INFO: Image : ZEN_AIR_GUARD_RECOV has been loaded.
Oct 26, 2017 3:42:52 PM image.ImageContainer loadCharacterFile
INFO: Image : ZEN_STAND_RECOV has been loaded.
Oct 26, 2017 3:42:52 PM image.ImageContainer loadCharacterFile
INFO: Image : ZEN_CROUCH_RECOV has been loaded.
Oct 26, 2017 3:42:53 PM image.ImageContainer loadCharacterFile
INFO: Image : ZEN_AIR_RECOV has been loaded.
Oct 26, 2017 3:42:53 PM image.ImageContainer loadCharacterFile
INFO: Image : ZEN_CHANGE_DOWN has been loaded.
Oct 26, 2017 3:42:53 PM image.ImageContainer loadCharacterFile
INFO: Image : ZEN_DOWN has been loaded.
Oct 26, 2017 3:42:53 PM image.ImageContainer loadCharacterFile
INFO: Image : ZEN_RISE has been loaded.
Oct 26, 2017 3:42:53 PM image.ImageContainer loadCharacterFile
INFO: Image : ZEN_LANDING has been loaded.
Oct 26, 2017 3:42:53 PM image.ImageContainer loadCharacterFile
INFO: Image : ZEN_THROW_A has been loaded.
Oct 26, 2017 3:42:53 PM image.ImageContainer loadCharacterFile
INFO: Image : ZEN_THROW_B has been loaded.
Oct 26, 2017 3:42:53 PM image.ImageContainer loadCharacterFile
INFO: Image : ZEN_THROW_HIT has been loaded.
Oct 26, 2017 3:42:54 PM image.ImageContainer loadCharacterFile
INFO: Image : ZEN_THROW_SUFFER has been loaded.
Oct 26, 2017 3:42:54 PM image.ImageContainer loadCharacterFile
INFO: Image : ZEN_STAND_A has been loaded.
Oct 26, 2017 3:42:54 PM image.ImageContainer loadCharacterFile
INFO: Image : ZEN_STAND_B has been loaded.
Oct 26, 2017 3:42:54 PM image.ImageContainer loadCharacterFile
INFO: Image : ZEN_CROUCH_A has been loaded.
Oct 26, 2017 3:42:54 PM image.ImageContainer loadCharacterFile
INFO: Image : ZEN_CROUCH_B has been loaded.
Oct 26, 2017 3:42:54 PM image.ImageContainer loadCharacterFile
INFO: Image : ZEN_AIR_A has been loaded.
Oct 26, 2017 3:42:54 PM image.ImageContainer loadCharacterFile
INFO: Image : ZEN_AIR_B has been loaded.
Oct 26, 2017 3:42:54 PM image.ImageContainer loadCharacterFile
INFO: Image : ZEN_AIR_DA has been loaded.
Oct 26, 2017 3:42:55 PM image.ImageContainer loadCharacterFile
INFO: Image : ZEN_AIR_DB has been loaded.
Oct 26, 2017 3:42:55 PM image.ImageContainer loadCharacterFile
INFO: Image : ZEN_STAND_FA has been loaded.
Oct 26, 2017 3:42:55 PM image.ImageContainer loadCharacterFile
INFO: Image : ZEN_STAND_FB has been loaded.
Oct 26, 2017 3:42:55 PM image.ImageContainer loadCharacterFile
INFO: Image : ZEN_CROUCH_FA has been loaded.
Oct 26, 2017 3:42:56 PM image.ImageContainer loadCharacterFile
INFO: Image : ZEN_CROUCH_FB has been loaded.
Oct 26, 2017 3:42:56 PM image.ImageContainer loadCharacterFile
INFO: Image : ZEN_AIR_FA has been loaded.
Oct 26, 2017 3:42:56 PM image.ImageContainer loadCharacterFile
INFO: Image : ZEN_AIR_FB has been loaded.
Oct 26, 2017 3:42:56 PM image.ImageContainer loadCharacterFile
INFO: Image : ZEN_AIR_UA has been loaded.
Oct 26, 2017 3:42:57 PM image.ImageContainer loadCharacterFile
INFO: Image : ZEN_AIR_UB has been loaded.
Oct 26, 2017 3:42:57 PM image.ImageContainer loadCharacterFile
INFO: Image : ZEN_STAND_D_DF_FA has been loaded.
Oct 26, 2017 3:42:57 PM image.ImageContainer loadCharacterFile
INFO: Image : ZEN_STAND_D_DF_FB has been loaded.
Oct 26, 2017 3:42:57 PM image.ImageContainer loadCharacterFile
INFO: Image : ZEN_STAND_F_D_DFA has been loaded.
Oct 26, 2017 3:42:57 PM image.ImageContainer loadCharacterFile
INFO: Image : ZEN_STAND_F_D_DFB has been loaded.
Oct 26, 2017 3:42:58 PM image.ImageContainer loadCharacterFile
INFO: Image : ZEN_STAND_D_DB_BA has been loaded.
Oct 26, 2017 3:42:58 PM image.ImageContainer loadCharacterFile
INFO: Image : ZEN_STAND_D_DB_BB has been loaded.
Oct 26, 2017 3:42:58 PM image.ImageContainer loadCharacterFile
INFO: Image : ZEN_AIR_D_DF_FA has been loaded.
Oct 26, 2017 3:42:58 PM image.ImageContainer loadCharacterFile
INFO: Image : ZEN_AIR_D_DF_FB has been loaded.
Oct 26, 2017 3:42:59 PM image.ImageContainer loadCharacterFile
INFO: Image : ZEN_AIR_F_D_DFA has been loaded.
Oct 26, 2017 3:42:59 PM image.ImageContainer loadCharacterFile
INFO: Image : ZEN_AIR_F_D_DFB has been loaded.
Oct 26, 2017 3:42:59 PM image.ImageContainer loadCharacterFile
INFO: Image : ZEN_AIR_D_DB_BA has been loaded.
Oct 26, 2017 3:42:59 PM image.ImageContainer loadCharacterFile
INFO: Image : ZEN_AIR_D_DB_BB has been loaded.
Oct 26, 2017 3:43:00 PM image.ImageContainer loadCharacterFile
INFO: Image : ZEN_STAND_D_DF_FC has been loaded.
Oct 26, 2017 3:43:00 PM gamestate.Play setting
INFO: 2,
Oct 26, 2017 3:43:00 PM gamestate.Play setting
INFO: 2,
Oct 26, 2017 3:43:00 PM gamestate.Play setting
INFO: RandomAI,
Oct 26, 2017 3:43:00 PM gamestate.Play setting
INFO: Poring,
Oct 26, 2017 3:43:00 PM gamestate.Play setting
INFO: ZEN,
Oct 26, 2017 3:43:00 PM gamestate.Play setting
INFO: ZEN,
Oct 26, 2017 3:43:00 PM game.GameState registerId
INFO: This game state is registered as : ID 2
Oct 26, 2017 3:43:00 PM game.GameManager changeGameState
INFO: Change Game State to : ID 2
Oct 26, 2017 3:43:09 PM game.GameManager changeGameState
INFO: Change Game State to : ID 1
Oct 26, 2017 3:43:09 PM game.GameManager changeGameState
INFO: Change Game State to : ID 0
Oct 26, 2017 3:43:10 PM display.DisplayManager start
INFO: Close Display
